running egg_info
writing ../../build/my_python_pkg/my_python_pkg.egg-info/PKG-INFO
writing dependency_links to ../../build/my_python_pkg/my_python_pkg.egg-info/dependency_links.txt
writing entry points to ../../build/my_python_pkg/my_python_pkg.egg-info/entry_points.txt
writing requirements to ../../build/my_python_pkg/my_python_pkg.egg-info/requires.txt
writing top-level names to ../../build/my_python_pkg/my_python_pkg.egg-info/top_level.txt
reading manifest file '../../build/my_python_pkg/my_python_pkg.egg-info/SOURCES.txt'
writing manifest file '../../build/my_python_pkg/my_python_pkg.egg-info/SOURCES.txt'
running build
running build_py
copying my_python_pkg/app.py -> /home/pichot/ros2_ws/build/my_python_pkg/build/lib/my_python_pkg
running install
running install_lib
copying /home/pichot/ros2_ws/build/my_python_pkg/build/lib/my_python_pkg/app.py -> /home/pichot/ros2_ws/install/my_python_pkg/lib/python3.10/site-packages/my_python_pkg
byte-compiling /home/pichot/ros2_ws/install/my_python_pkg/lib/python3.10/site-packages/my_python_pkg/app.py to app.cpython-310.pyc
running install_egg_info
removing '/home/pichot/ros2_ws/install/my_python_pkg/lib/python3.10/site-packages/my_python_pkg-0.0.0-py3.10.egg-info' (and everything under it)
Copying ../../build/my_python_pkg/my_python_pkg.egg-info to /home/pichot/ros2_ws/install/my_python_pkg/lib/python3.10/site-packages/my_python_pkg-0.0.0-py3.10.egg-info
running install_scripts
Installing buzzer script to /home/pichot/ros2_ws/install/my_python_pkg/lib/my_python_pkg
Installing cap_co2 script to /home/pichot/ros2_ws/install/my_python_pkg/lib/my_python_pkg
Installing cap_humidite script to /home/pichot/ros2_ws/install/my_python_pkg/lib/my_python_pkg
Installing cap_hygrometre script to /home/pichot/ros2_ws/install/my_python_pkg/lib/my_python_pkg
Installing cap_temp script to /home/pichot/ros2_ws/install/my_python_pkg/lib/my_python_pkg
Installing flask script to /home/pichot/ros2_ws/install/my_python_pkg/lib/my_python_pkg
Installing flotteur script to /home/pichot/ros2_ws/install/my_python_pkg/lib/my_python_pkg
Installing my_node script to /home/pichot/ros2_ws/install/my_python_pkg/lib/my_python_pkg
Installing pompe script to /home/pichot/ros2_ws/install/my_python_pkg/lib/my_python_pkg
writing list of installed files to '/home/pichot/ros2_ws/build/my_python_pkg/install.log'
