[0.531s] Invoking command in '/home/pichot/ros2_ws/src/my_python_pkg': PYTHONPATH=/home/pichot/ros2_ws/build/my_python_pkg/prefix_override:/usr/lib/python3/dist-packages/colcon_core/task/python/colcon_distutils_commands:/home/pichot/ros2_ws/install/my_python_pkg/lib/python3.10/site-packages:${PYTHONPATH} /usr/bin/python3 -W ignore:setup.py install is deprecated -W ignore:easy_install command is deprecated setup.py egg_info --egg-base ../../build/my_python_pkg build --build-base /home/pichot/ros2_ws/build/my_python_pkg/build install --record /home/pichot/ros2_ws/build/my_python_pkg/install.log --single-version-externally-managed
[0.738s] running egg_info
[0.739s] writing ../../build/my_python_pkg/my_python_pkg.egg-info/PKG-INFO
[0.739s] writing dependency_links to ../../build/my_python_pkg/my_python_pkg.egg-info/dependency_links.txt
[0.740s] writing entry points to ../../build/my_python_pkg/my_python_pkg.egg-info/entry_points.txt
[0.740s] writing requirements to ../../build/my_python_pkg/my_python_pkg.egg-info/requires.txt
[0.741s] writing top-level names to ../../build/my_python_pkg/my_python_pkg.egg-info/top_level.txt
[0.743s] reading manifest file '../../build/my_python_pkg/my_python_pkg.egg-info/SOURCES.txt'
[0.744s] writing manifest file '../../build/my_python_pkg/my_python_pkg.egg-info/SOURCES.txt'
[0.744s] running build
[0.744s] running build_py
[0.744s] copying my_python_pkg/app.py -> /home/pichot/ros2_ws/build/my_python_pkg/build/lib/my_python_pkg
[0.745s] running install
[0.745s] running install_lib
[0.746s] copying /home/pichot/ros2_ws/build/my_python_pkg/build/lib/my_python_pkg/app.py -> /home/pichot/ros2_ws/install/my_python_pkg/lib/python3.10/site-packages/my_python_pkg
[0.746s] byte-compiling /home/pichot/ros2_ws/install/my_python_pkg/lib/python3.10/site-packages/my_python_pkg/app.py to app.cpython-310.pyc
[0.747s] running install_egg_info
[0.748s] removing '/home/pichot/ros2_ws/install/my_python_pkg/lib/python3.10/site-packages/my_python_pkg-0.0.0-py3.10.egg-info' (and everything under it)
[0.748s] Copying ../../build/my_python_pkg/my_python_pkg.egg-info to /home/pichot/ros2_ws/install/my_python_pkg/lib/python3.10/site-packages/my_python_pkg-0.0.0-py3.10.egg-info
[0.750s] running install_scripts
[0.768s] Installing buzzer script to /home/pichot/ros2_ws/install/my_python_pkg/lib/my_python_pkg
[0.769s] Installing cap_co2 script to /home/pichot/ros2_ws/install/my_python_pkg/lib/my_python_pkg
[0.769s] Installing cap_humidite script to /home/pichot/ros2_ws/install/my_python_pkg/lib/my_python_pkg
[0.769s] Installing cap_hygrometre script to /home/pichot/ros2_ws/install/my_python_pkg/lib/my_python_pkg
[0.769s] Installing cap_temp script to /home/pichot/ros2_ws/install/my_python_pkg/lib/my_python_pkg
[0.770s] Installing flask script to /home/pichot/ros2_ws/install/my_python_pkg/lib/my_python_pkg
[0.770s] Installing flotteur script to /home/pichot/ros2_ws/install/my_python_pkg/lib/my_python_pkg
[0.770s] Installing my_node script to /home/pichot/ros2_ws/install/my_python_pkg/lib/my_python_pkg
[0.770s] Installing pompe script to /home/pichot/ros2_ws/install/my_python_pkg/lib/my_python_pkg
[0.773s] writing list of installed files to '/home/pichot/ros2_ws/build/my_python_pkg/install.log'
[0.790s] Invoked command in '/home/pichot/ros2_ws/src/my_python_pkg' returned '0': PYTHONPATH=/home/pichot/ros2_ws/build/my_python_pkg/prefix_override:/usr/lib/python3/dist-packages/colcon_core/task/python/colcon_distutils_commands:/home/pichot/ros2_ws/install/my_python_pkg/lib/python3.10/site-packages:${PYTHONPATH} /usr/bin/python3 -W ignore:setup.py install is deprecated -W ignore:easy_install command is deprecated setup.py egg_info --egg-base ../../build/my_python_pkg build --build-base /home/pichot/ros2_ws/build/my_python_pkg/build install --record /home/pichot/ros2_ws/build/my_python_pkg/install.log --single-version-externally-managed
