[0.661s] Invoking command in '/home/pichot/ros2_ws/build/my_python_pkg': PYTHONPATH=/home/pichot/ros2_ws/build/my_python_pkg/prefix_override:/usr/lib/python3/dist-packages/colcon_core/task/python/colcon_distutils_commands:/home/pichot/ros2_ws/install/my_python_pkg/lib/python3.10/site-packages:${PYTHONPATH} /usr/bin/python3 -W ignore:setup.py install is deprecated -W ignore:easy_install command is deprecated setup.py develop --editable --build-directory /home/pichot/ros2_ws/build/my_python_pkg/build --no-deps
[0.878s] running develop
[1.000s] running egg_info
[1.000s] writing my_python_pkg.egg-info/PKG-INFO
[1.000s] writing dependency_links to my_python_pkg.egg-info/dependency_links.txt
[1.000s] writing entry points to my_python_pkg.egg-info/entry_points.txt
[1.000s] writing requirements to my_python_pkg.egg-info/requires.txt
[1.001s] writing top-level names to my_python_pkg.egg-info/top_level.txt
[1.002s] reading manifest file 'my_python_pkg.egg-info/SOURCES.txt'
[1.003s] writing manifest file 'my_python_pkg.egg-info/SOURCES.txt'
[1.005s] running build_ext
[1.005s] Creating /home/pichot/ros2_ws/install/my_python_pkg/lib/python3.10/site-packages/my-python-pkg.egg-link (link to .)
[1.006s] Installing buzzer script to /home/pichot/ros2_ws/install/my_python_pkg/lib/my_python_pkg
[1.006s] Installing cap_co2 script to /home/pichot/ros2_ws/install/my_python_pkg/lib/my_python_pkg
[1.006s] Installing cap_humidite script to /home/pichot/ros2_ws/install/my_python_pkg/lib/my_python_pkg
[1.006s] Installing cap_hygrometre script to /home/pichot/ros2_ws/install/my_python_pkg/lib/my_python_pkg
[1.006s] Installing cap_temp script to /home/pichot/ros2_ws/install/my_python_pkg/lib/my_python_pkg
[1.007s] Installing flask script to /home/pichot/ros2_ws/install/my_python_pkg/lib/my_python_pkg
[1.007s] Installing flotteur script to /home/pichot/ros2_ws/install/my_python_pkg/lib/my_python_pkg
[1.007s] Installing my_node script to /home/pichot/ros2_ws/install/my_python_pkg/lib/my_python_pkg
[1.007s] Installing pompe script to /home/pichot/ros2_ws/install/my_python_pkg/lib/my_python_pkg
[1.007s] 
[1.007s] Installed /home/pichot/ros2_ws/build/my_python_pkg
[1.037s] Invoked command in '/home/pichot/ros2_ws/build/my_python_pkg' returned '0': PYTHONPATH=/home/pichot/ros2_ws/build/my_python_pkg/prefix_override:/usr/lib/python3/dist-packages/colcon_core/task/python/colcon_distutils_commands:/home/pichot/ros2_ws/install/my_python_pkg/lib/python3.10/site-packages:${PYTHONPATH} /usr/bin/python3 -W ignore:setup.py install is deprecated -W ignore:easy_install command is deprecated setup.py develop --editable --build-directory /home/pichot/ros2_ws/build/my_python_pkg/build --no-deps
