running develop
running egg_info
writing my_python_pkg.egg-info/PKG-INFO
writing dependency_links to my_python_pkg.egg-info/dependency_links.txt
writing entry points to my_python_pkg.egg-info/entry_points.txt
writing requirements to my_python_pkg.egg-info/requires.txt
writing top-level names to my_python_pkg.egg-info/top_level.txt
reading manifest file 'my_python_pkg.egg-info/SOURCES.txt'
writing manifest file 'my_python_pkg.egg-info/SOURCES.txt'
running build_ext
Creating /home/pichot/ros2_ws/install/my_python_pkg/lib/python3.10/site-packages/my-python-pkg.egg-link (link to .)
Installing buzzer script to /home/pichot/ros2_ws/install/my_python_pkg/lib/my_python_pkg
Installing cap_co2 script to /home/pichot/ros2_ws/install/my_python_pkg/lib/my_python_pkg
Installing cap_humidite script to /home/pichot/ros2_ws/install/my_python_pkg/lib/my_python_pkg
Installing cap_hygrometre script to /home/pichot/ros2_ws/install/my_python_pkg/lib/my_python_pkg
Installing cap_temp script to /home/pichot/ros2_ws/install/my_python_pkg/lib/my_python_pkg
Installing flask script to /home/pichot/ros2_ws/install/my_python_pkg/lib/my_python_pkg
Installing flotteur script to /home/pichot/ros2_ws/install/my_python_pkg/lib/my_python_pkg
Installing my_node script to /home/pichot/ros2_ws/install/my_python_pkg/lib/my_python_pkg
Installing pompe script to /home/pichot/ros2_ws/install/my_python_pkg/lib/my_python_pkg

Installed /home/pichot/ros2_ws/build/my_python_pkg
