[0.667s] Invoking command in '/home/pichot/ros2_ws/build/my_python_pkg': PYTHONPATH=/home/pichot/ros2_ws/build/my_python_pkg/prefix_override:/usr/lib/python3/dist-packages/colcon_core/task/python/colcon_distutils_commands:/home/pichot/ros2_ws/install/my_python_pkg/lib/python3.10/site-packages:${PYTHONPATH} /usr/bin/python3 -W ignore:setup.py install is deprecated -W ignore:easy_install command is deprecated setup.py develop --editable --build-directory /home/pichot/ros2_ws/build/my_python_pkg/build --no-deps
[0.893s] running develop
[1.020s] running egg_info
[1.020s] writing my_python_pkg.egg-info/PKG-INFO
[1.021s] writing dependency_links to my_python_pkg.egg-info/dependency_links.txt
[1.022s] writing entry points to my_python_pkg.egg-info/entry_points.txt
[1.023s] writing requirements to my_python_pkg.egg-info/requires.txt
[1.023s] writing top-level names to my_python_pkg.egg-info/top_level.txt
[1.025s] reading manifest file 'my_python_pkg.egg-info/SOURCES.txt'
[1.026s] writing manifest file 'my_python_pkg.egg-info/SOURCES.txt'
[1.028s] running build_ext
[1.028s] Creating /home/pichot/ros2_ws/install/my_python_pkg/lib/python3.10/site-packages/my-python-pkg.egg-link (link to .)
[1.029s] Installing buzzer script to /home/pichot/ros2_ws/install/my_python_pkg/lib/my_python_pkg
[1.029s] Installing cap_co2 script to /home/pichot/ros2_ws/install/my_python_pkg/lib/my_python_pkg
[1.032s] Installing cap_humidite script to /home/pichot/ros2_ws/install/my_python_pkg/lib/my_python_pkg
[1.032s] Installing cap_hygrometre script to /home/pichot/ros2_ws/install/my_python_pkg/lib/my_python_pkg
[1.032s] Installing cap_temp script to /home/pichot/ros2_ws/install/my_python_pkg/lib/my_python_pkg
[1.032s] Installing flask script to /home/pichot/ros2_ws/install/my_python_pkg/lib/my_python_pkg
[1.032s] Installing flotteur script to /home/pichot/ros2_ws/install/my_python_pkg/lib/my_python_pkg
[1.032s] Installing my_node script to /home/pichot/ros2_ws/install/my_python_pkg/lib/my_python_pkg
[1.032s] Installing pompe script to /home/pichot/ros2_ws/install/my_python_pkg/lib/my_python_pkg
[1.032s] 
[1.033s] Installed /home/pichot/ros2_ws/build/my_python_pkg
[1.059s] Invoked command in '/home/pichot/ros2_ws/build/my_python_pkg' returned '0': PYTHONPATH=/home/pichot/ros2_ws/build/my_python_pkg/prefix_override:/usr/lib/python3/dist-packages/colcon_core/task/python/colcon_distutils_commands:/home/pichot/ros2_ws/install/my_python_pkg/lib/python3.10/site-packages:${PYTHONPATH} /usr/bin/python3 -W ignore:setup.py install is deprecated -W ignore:easy_install command is deprecated setup.py develop --editable --build-directory /home/pichot/ros2_ws/build/my_python_pkg/build --no-deps
