[0.330s] Invoking command in '/home/pichot/ros2_ws/src/my_python_pkg': PYTHONPATH=/home/pichot/ros2_ws/build/my_python_pkg/prefix_override:/usr/lib/python3/dist-packages/colcon_core/task/python/colcon_distutils_commands:/home/pichot/ros2_ws/install/my_python_pkg/lib/python3.10/site-packages:${PYTHONPATH} /usr/bin/python3 -W ignore:setup.py install is deprecated -W ignore:easy_install command is deprecated setup.py egg_info --egg-base ../../build/my_python_pkg build --build-base /home/pichot/ros2_ws/build/my_python_pkg/build install --record /home/pichot/ros2_ws/build/my_python_pkg/install.log --single-version-externally-managed
[0.449s] running egg_info
[0.449s] writing ../../build/my_python_pkg/my_python_pkg.egg-info/PKG-INFO
[0.449s] writing dependency_links to ../../build/my_python_pkg/my_python_pkg.egg-info/dependency_links.txt
[0.450s] writing entry points to ../../build/my_python_pkg/my_python_pkg.egg-info/entry_points.txt
[0.450s] writing requirements to ../../build/my_python_pkg/my_python_pkg.egg-info/requires.txt
[0.450s] writing top-level names to ../../build/my_python_pkg/my_python_pkg.egg-info/top_level.txt
[0.452s] reading manifest file '../../build/my_python_pkg/my_python_pkg.egg-info/SOURCES.txt'
[0.453s] writing manifest file '../../build/my_python_pkg/my_python_pkg.egg-info/SOURCES.txt'
[0.453s] running build
[0.453s] running build_py
[0.453s] running install
[0.453s] running install_lib
[0.454s] running install_egg_info
[0.455s] removing '/home/pichot/ros2_ws/install/my_python_pkg/lib/python3.10/site-packages/my_python_pkg-0.0.0-py3.10.egg-info' (and everything under it)
[0.455s] Copying ../../build/my_python_pkg/my_python_pkg.egg-info to /home/pichot/ros2_ws/install/my_python_pkg/lib/python3.10/site-packages/my_python_pkg-0.0.0-py3.10.egg-info
[0.455s] running install_scripts
[0.467s] Installing buzzer script to /home/pichot/ros2_ws/install/my_python_pkg/lib/my_python_pkg
[0.467s] Installing cap_co2 script to /home/pichot/ros2_ws/install/my_python_pkg/lib/my_python_pkg
[0.467s] Installing cap_humidite script to /home/pichot/ros2_ws/install/my_python_pkg/lib/my_python_pkg
[0.467s] Installing cap_hygrometre script to /home/pichot/ros2_ws/install/my_python_pkg/lib/my_python_pkg
[0.467s] Installing cap_temp script to /home/pichot/ros2_ws/install/my_python_pkg/lib/my_python_pkg
[0.467s] Installing flotteur script to /home/pichot/ros2_ws/install/my_python_pkg/lib/my_python_pkg
[0.467s] Installing my_node script to /home/pichot/ros2_ws/install/my_python_pkg/lib/my_python_pkg
[0.468s] Installing pompe script to /home/pichot/ros2_ws/install/my_python_pkg/lib/my_python_pkg
[0.468s] writing list of installed files to '/home/pichot/ros2_ws/build/my_python_pkg/install.log'
[0.481s] Invoked command in '/home/pichot/ros2_ws/src/my_python_pkg' returned '0': PYTHONPATH=/home/pichot/ros2_ws/build/my_python_pkg/prefix_override:/usr/lib/python3/dist-packages/colcon_core/task/python/colcon_distutils_commands:/home/pichot/ros2_ws/install/my_python_pkg/lib/python3.10/site-packages:${PYTHONPATH} /usr/bin/python3 -W ignore:setup.py install is deprecated -W ignore:easy_install command is deprecated setup.py egg_info --egg-base ../../build/my_python_pkg build --build-base /home/pichot/ros2_ws/build/my_python_pkg/build install --record /home/pichot/ros2_ws/build/my_python_pkg/install.log --single-version-externally-managed
